<?xml version="1.0" encoding="UTF-8"?>
<!-- Generated by org.testng.reporters.JUnitXMLReporter -->
<testsuite ignored="0" hostname="LTIN217458" failures="1" tests="19" name="EdgeTest" time="251.502" errors="0" timestamp="2024-02-28T11:31:48 IST">
  <testcase classname="stepDefinations.DisplayDoctors" name="user_present_on_practo_com_website_one" time="3.568"/>
  <testcase classname="stepDefinations.DisplayDoctors" name="user_enters_city_bangalore_in_seachbox" time="1.717"/>
  <testcase classname="stepDefinations.DisplayDoctors" name="user_clicks_on_bangalore_option" time="0.394"/>
  <testcase classname="stepDefinations.DisplayDoctors" name="user_enters_medical_specialist_cardiologist_in_seachbox" time="0.34"/>
  <testcase classname="stepDefinations.DisplayDoctors" name="user_clicks_on_cardiologist_option" time="5.531"/>
  <testcase classname="stepDefinations.DisplayDoctors" name="user_applies_filters" time="46.106">
    <failure type="org.openqa.selenium.ElementNotInteractableException" message="element not interactable
  (Session info: chrome=120.0.6099.130)
Build info: version: &amp;apos;4.15.0&amp;apos;, revision: &amp;apos;1d14b5521b&amp;apos;
System info: os.name: &amp;apos;Windows 11&amp;apos;, os.arch: &amp;apos;amd64&amp;apos;, os.version: &amp;apos;10.0&amp;apos;, java.version: &amp;apos;17.0.9&amp;apos;
Driver info: org.openqa.selenium.chrome.ChromeDriver
Command: [877abea23694ad73577bb929fc62e070, clickElement {id=A1B84D4E0C67053C519E49AC27A8EB11_element_95}]
Capabilities {acceptInsecureCerts: false, browserName: chrome, browserVersion: 120.0.6099.130, chrome: {chromedriverVersion: 120.0.6099.109 (3419140ab66..., userDataDir: C:\Windows\SystemTemp\scope...}, fedcm:accounts: true, goog:chromeOptions: {debuggerAddress: localhost:63011}, networkConnectionEnabled: false, pageLoadStrategy: normal, platformName: windows, proxy: Proxy(), se:cdp: ws://localhost:63011/devtoo..., se:cdpVersion: 120.0.6099.130, setWindowRect: true, strictFileInteractability: false, timeouts: {implicit: 0, pageLoad: 300000, script: 30000}, unhandledPromptBehavior: dismiss and notify, webauthn:extension:credBlob: true, webauthn:extension:largeBlob: true, webauthn:extension:minPinLength: true, webauthn:extension:prf: true, webauthn:virtualAuthenticators: true}
Element: [[ChromeDriver: chrome on windows (877abea23694ad73577bb929fc62e070)] -&amp;gt; xpath: //span[text()=&amp;apos;Above ₹500&amp;apos;]]
Session ID: 877abea23694ad73577bb929fc62e070">
      <![CDATA[org.openqa.selenium.ElementNotInteractableException: element not interactable
  (Session info: chrome=120.0.6099.130)
Build info: version: '4.15.0', revision: '1d14b5521b'
System info: os.name: 'Windows 11', os.arch: 'amd64', os.version: '10.0', java.version: '17.0.9'
Driver info: org.openqa.selenium.chrome.ChromeDriver
Command: [877abea23694ad73577bb929fc62e070, clickElement {id=A1B84D4E0C67053C519E49AC27A8EB11_element_95}]
Capabilities {acceptInsecureCerts: false, browserName: chrome, browserVersion: 120.0.6099.130, chrome: {chromedriverVersion: 120.0.6099.109 (3419140ab66..., userDataDir: C:\Windows\SystemTemp\scope...}, fedcm:accounts: true, goog:chromeOptions: {debuggerAddress: localhost:63011}, networkConnectionEnabled: false, pageLoadStrategy: normal, platformName: windows, proxy: Proxy(), se:cdp: ws://localhost:63011/devtoo..., se:cdpVersion: 120.0.6099.130, setWindowRect: true, strictFileInteractability: false, timeouts: {implicit: 0, pageLoad: 300000, script: 30000}, unhandledPromptBehavior: dismiss and notify, webauthn:extension:credBlob: true, webauthn:extension:largeBlob: true, webauthn:extension:minPinLength: true, webauthn:extension:prf: true, webauthn:virtualAuthenticators: true}
Element: [[ChromeDriver: chrome on windows (877abea23694ad73577bb929fc62e070)] -> xpath: //span[text()='Above ₹500']]
Session ID: 877abea23694ad73577bb929fc62e070
at org.openqa.selenium.remote.codec.w3c.W3CHttpResponseCodec.createException(W3CHttpResponseCodec.java:200)
at org.openqa.selenium.remote.codec.w3c.W3CHttpResponseCodec.decode(W3CHttpResponseCodec.java:133)
at org.openqa.selenium.remote.codec.w3c.W3CHttpResponseCodec.decode(W3CHttpResponseCodec.java:52)
at org.openqa.selenium.remote.HttpCommandExecutor.execute(HttpCommandExecutor.java:191)
at org.openqa.selenium.remote.service.DriverCommandExecutor.invokeExecute(DriverCommandExecutor.java:200)
at org.openqa.selenium.remote.service.DriverCommandExecutor.execute(DriverCommandExecutor.java:175)
at org.openqa.selenium.remote.RemoteWebDriver.execute(RemoteWebDriver.java:607)
at org.openqa.selenium.remote.RemoteWebElement.execute(RemoteWebElement.java:224)
at org.openqa.selenium.remote.RemoteWebElement.click(RemoteWebElement.java:77)
at org.openqa.selenium.support.pagefactory.internal.LocatingElementHandler.invoke(LocatingElementHandler.java:51)
at jdk.proxy2/jdk.proxy2.$Proxy49.click(Unknown Source)
at pageobject.Doctors.applyFilters(Doctors.java:65)
at stepDefinations.DisplayDoctors.user_applies_filters(DisplayDoctors.java:64)
at java.base/java.util.ArrayList.forEach(ArrayList.java:1511)
at java.base/java.util.concurrent.FutureTask.run(FutureTask.java:264)
at java.base/java.util.concurrent.ThreadPoolExecutor.runWorker(ThreadPoolExecutor.java:1136)
at java.base/java.util.concurrent.ThreadPoolExecutor$Worker.run(ThreadPoolExecutor.java:635)
at java.base/java.lang.Thread.run(Thread.java:840)
... Removed 26 stack frames]]>
    </failure>
  </testcase> <!-- user_applies_filters -->
  <testcase classname="stepDefinations.DisplayDoctors" name="user_displays_the_first_five_doctors" time="21.123"/>
  <testcase classname="stepDefinations.DisplaySurgeries" name="user_present_on_practo_com_website" time="0.054"/>
  <testcase classname="stepDefinations.DisplaySurgeries" name="user_clicks_on_surgeries" time="4.053"/>
  <testcase classname="stepDefinations.DisplaySurgeries" name="user_displays_the_surgeries_list" time="5.529"/>
  <testcase classname="stepDefinations.FormValidation" name="user_present_on_practo_com_website_three" time="0.027"/>
  <testcase classname="stepDefinations.FormValidation" name="user_clicks_on_for_corporates" time="0.234"/>
  <testcase classname="stepDefinations.FormValidation" name="user_clicks_on_health_and_wellness_plan" time="9.609"/>
  <testcase classname="stepDefinations.FormValidation" name="user_enters_all_non_email_fields_in_the_form" time="1.939"/>
  <testcase classname="stepDefinations.FormValidation" name="user_enters_invalid_email" time="0.245"/>
  <testcase classname="stepDefinations.FormValidation" name="validate_if_schedule_a_demo_button_is_disabled" time="0.613"/>
  <testcase classname="stepDefinations.FormValidation" name="user_enters_valid_email" time="0.361"/>
  <testcase classname="stepDefinations.FormValidation" name="user_clicks_on_schedule_a_demo_button" time="0.987"/>
  <testcase classname="stepDefinations.FormValidation" name="validate_if_thank_you_message_is_displayed" time="34.288"/>
</testsuite> <!-- EdgeTest -->
