<html>
<head>
<title>TestNG:  EdgeTest</title>
<link href="../testng.css" rel="stylesheet" type="text/css" />
<link href="../my-testng.css" rel="stylesheet" type="text/css" />

<style type="text/css">
.log { display: none;} 
.stack-trace { display: none;} 
</style>
<script type="text/javascript">
<!--
function flip(e) {
  current = e.style.display;
  if (current == 'block') {
    e.style.display = 'none';
    return 0;
  }
  else {
    e.style.display = 'block';
    return 1;
  }
}

function toggleBox(szDivId, elem, msg1, msg2)
{
  var res = -1;  if (document.getElementById) {
    res = flip(document.getElementById(szDivId));
  }
  else if (document.all) {
    // this is the way old msie versions work
    res = flip(document.all[szDivId]);
  }
  if(elem) {
    if(res == 0) elem.innerHTML = msg1; else elem.innerHTML = msg2;
  }

}

function toggleAllBoxes() {
  if (document.getElementsByTagName) {
    d = document.getElementsByTagName('div');
    for (i = 0; i < d.length; i++) {
      if (d[i].className == 'log') {
        flip(d[i]);
      }
    }
  }
}

// -->
</script>

</head>
<body>
<h2 align='center'>EdgeTest</h2><table border='1' align="center">
<tr>
<td>Tests passed/Failed/Skipped:</td><td>18/1/0</td>
</tr><tr>
<td>Started on:</td><td>Wed Feb 28 11:27:22 IST 2024</td>
</tr>
<tr><td>Total time:</td><td>251 seconds (251502 ms)</td>
</tr><tr>
<td>Included groups:</td><td></td>
</tr><tr>
<td>Excluded groups:</td><td></td>
</tr>
</table><p/>
<small><i>(Hover the method name to see the test class name)</i></small><p/>
<table width='100%' border='1' class='invocation-failed'>
<tr><td colspan='4' align='center'><b>FAILED TESTS</b></td></tr>
<tr><td><b>Test method</b></td>
<td><b>Attribute(s)</b></td>
<td width="30%"><b>Exception</b></td>
<td width="10%"><b>Time (seconds)</b></td>
<td><b>Instance</b></td>
</tr>
<tr>
<td title='stepDefinations.DisplayDoctors.user_applies_filters()'><b>user_applies_filters</b><br>Test class: stepDefinations.DisplayDoctors</td>
<td><div><pre>org.openqa.selenium.ElementNotInteractableException: element not interactable
  (Session info: chrome=120.0.6099.130)
Build info: version: &apos;4.15.0&apos;, revision: &apos;1d14b5521b&apos;
System info: os.name: &apos;Windows 11&apos;, os.arch: &apos;amd64&apos;, os.version: &apos;10.0&apos;, java.version: &apos;17.0.9&apos;
Driver info: org.openqa.selenium.chrome.ChromeDriver
Command: [877abea23694ad73577bb929fc62e070, clickElement {id=A1B84D4E0C67053C519E49AC27A8EB11_element_95}]
Capabilities {acceptInsecureCerts: false, browserName: chrome, browserVersion: 120.0.6099.130, chrome: {chromedriverVersion: 120.0.6099.109 (3419140ab66..., userDataDir: C:\Windows\SystemTemp\scope...}, fedcm:accounts: true, goog:chromeOptions: {debuggerAddress: localhost:63011}, networkConnectionEnabled: false, pageLoadStrategy: normal, platformName: windows, proxy: Proxy(), se:cdp: ws://localhost:63011/devtoo..., se:cdpVersion: 120.0.6099.130, setWindowRect: true, strictFileInteractability: false, timeouts: {implicit: 0, pageLoad: 300000, script: 30000}, unhandledPromptBehavior: dismiss and notify, webauthn:extension:credBlob: true, webauthn:extension:largeBlob: true, webauthn:extension:minPinLength: true, webauthn:extension:prf: true, webauthn:virtualAuthenticators: true}
Element: [[ChromeDriver: chrome on windows (877abea23694ad73577bb929fc62e070)] -&gt; xpath: //span[text()=&apos;Above ₹500&apos;]]
Session ID: 877abea23694ad73577bb929fc62e070
	at org.openqa.selenium.remote.codec.w3c.W3CHttpResponseCodec.createException(W3CHttpResponseCodec.java:200)
	at org.openqa.selenium.remote.codec.w3c.W3CHttpResponseCodec.decode(W3CHttpResponseCodec.java:133)
	at org.openqa.selenium.remote.codec.w3c.W3CHttpResponseCodec.decode(W3CHttpResponseCodec.java:52)
	at org.openqa.selenium.remote.HttpCommandExecutor.execute(HttpCommandExecutor.java:191)
	at org.openqa.selenium.remote.service.DriverCommandExecutor.invokeExecute(DriverCommandExecutor.java:200)
	at org.openqa.selenium.remote.service.DriverCommandExecutor.execute(DriverCommandExecutor.java:175)
	at org.openqa.selenium.remote.RemoteWebDriver.execute(RemoteWebDriver.java:607)
	at org.openqa.selenium.remote.RemoteWebElement.execute(RemoteWebElement.java:224)
	at org.openqa.selenium.remote.RemoteWebElement.click(RemoteWebElement.java:77)
	at org.openqa.selenium.support.pagefactory.internal.LocatingElementHandler.invoke(LocatingElementHandler.java:51)
	at jdk.proxy2/jdk.proxy2.$Proxy49.click(Unknown Source)
	at pageobject.Doctors.applyFilters(Doctors.java:65)
	at stepDefinations.DisplayDoctors.user_applies_filters(DisplayDoctors.java:64)
	at java.base/java.util.ArrayList.forEach(ArrayList.java:1511)
	at java.base/java.util.concurrent.FutureTask.run(FutureTask.java:264)
	at java.base/java.util.concurrent.ThreadPoolExecutor.runWorker(ThreadPoolExecutor.java:1136)
	at java.base/java.util.concurrent.ThreadPoolExecutor$Worker.run(ThreadPoolExecutor.java:635)
	at java.base/java.lang.Thread.run(Thread.java:840)
... Removed 26 stack frames</pre></div><a href='#' onClick='toggleBox("stack-trace739998587", this, "Click to show all stack frames", "Click to hide stack frames")'>Click to show all stack frames</a>
<div class='stack-trace' id='stack-trace739998587'><pre>org.openqa.selenium.ElementNotInteractableException: element not interactable
  (Session info: chrome=120.0.6099.130)
Build info: version: &apos;4.15.0&apos;, revision: &apos;1d14b5521b&apos;
System info: os.name: &apos;Windows 11&apos;, os.arch: &apos;amd64&apos;, os.version: &apos;10.0&apos;, java.version: &apos;17.0.9&apos;
Driver info: org.openqa.selenium.chrome.ChromeDriver
Command: [877abea23694ad73577bb929fc62e070, clickElement {id=A1B84D4E0C67053C519E49AC27A8EB11_element_95}]
Capabilities {acceptInsecureCerts: false, browserName: chrome, browserVersion: 120.0.6099.130, chrome: {chromedriverVersion: 120.0.6099.109 (3419140ab66..., userDataDir: C:\Windows\SystemTemp\scope...}, fedcm:accounts: true, goog:chromeOptions: {debuggerAddress: localhost:63011}, networkConnectionEnabled: false, pageLoadStrategy: normal, platformName: windows, proxy: Proxy(), se:cdp: ws://localhost:63011/devtoo..., se:cdpVersion: 120.0.6099.130, setWindowRect: true, strictFileInteractability: false, timeouts: {implicit: 0, pageLoad: 300000, script: 30000}, unhandledPromptBehavior: dismiss and notify, webauthn:extension:credBlob: true, webauthn:extension:largeBlob: true, webauthn:extension:minPinLength: true, webauthn:extension:prf: true, webauthn:virtualAuthenticators: true}
Element: [[ChromeDriver: chrome on windows (877abea23694ad73577bb929fc62e070)] -&gt; xpath: //span[text()=&apos;Above ₹500&apos;]]
Session ID: 877abea23694ad73577bb929fc62e070
	at java.base/jdk.internal.reflect.NativeConstructorAccessorImpl.newInstance0(Native Method)
	at java.base/jdk.internal.reflect.NativeConstructorAccessorImpl.newInstance(NativeConstructorAccessorImpl.java:77)
	at java.base/jdk.internal.reflect.DelegatingConstructorAccessorImpl.newInstance(DelegatingConstructorAccessorImpl.java:45)
	at java.base/java.lang.reflect.Constructor.newInstanceWithCaller(Constructor.java:499)
	at java.base/java.lang.reflect.Constructor.newInstance(Constructor.java:480)
	at org.openqa.selenium.remote.codec.w3c.W3CHttpResponseCodec.createException(W3CHttpResponseCodec.java:200)
	at org.openqa.selenium.remote.codec.w3c.W3CHttpResponseCodec.decode(W3CHttpResponseCodec.java:133)
	at org.openqa.selenium.remote.codec.w3c.W3CHttpResponseCodec.decode(W3CHttpResponseCodec.java:52)
	at org.openqa.selenium.remote.HttpCommandExecutor.execute(HttpCommandExecutor.java:191)
	at org.openqa.selenium.remote.service.DriverCommandExecutor.invokeExecute(DriverCommandExecutor.java:200)
	at org.openqa.selenium.remote.service.DriverCommandExecutor.execute(DriverCommandExecutor.java:175)
	at org.openqa.selenium.remote.RemoteWebDriver.execute(RemoteWebDriver.java:607)
	at org.openqa.selenium.remote.RemoteWebElement.execute(RemoteWebElement.java:224)
	at org.openqa.selenium.remote.RemoteWebElement.click(RemoteWebElement.java:77)
	at java.base/jdk.internal.reflect.NativeMethodAccessorImpl.invoke0(Native Method)
	at java.base/jdk.internal.reflect.NativeMethodAccessorImpl.invoke(NativeMethodAccessorImpl.java:77)
	at java.base/jdk.internal.reflect.DelegatingMethodAccessorImpl.invoke(DelegatingMethodAccessorImpl.java:43)
	at java.base/java.lang.reflect.Method.invoke(Method.java:568)
	at org.openqa.selenium.support.pagefactory.internal.LocatingElementHandler.invoke(LocatingElementHandler.java:51)
	at jdk.proxy2/jdk.proxy2.$Proxy49.click(Unknown Source)
	at pageobject.Doctors.applyFilters(Doctors.java:65)
	at stepDefinations.DisplayDoctors.user_applies_filters(DisplayDoctors.java:64)
	at java.base/jdk.internal.reflect.NativeMethodAccessorImpl.invoke0(Native Method)
	at java.base/jdk.internal.reflect.NativeMethodAccessorImpl.invoke(NativeMethodAccessorImpl.java:77)
	at java.base/jdk.internal.reflect.DelegatingMethodAccessorImpl.invoke(DelegatingMethodAccessorImpl.java:43)
	at java.base/java.lang.reflect.Method.invoke(Method.java:568)
	at org.testng.internal.invokers.MethodInvocationHelper.invokeMethod(MethodInvocationHelper.java:139)
	at org.testng.internal.invokers.TestInvoker.invokeMethod(TestInvoker.java:664)
	at org.testng.internal.invokers.TestInvoker.invokeTestMethod(TestInvoker.java:228)
	at org.testng.internal.invokers.MethodRunner.runInSequence(MethodRunner.java:63)
	at org.testng.internal.invokers.TestInvoker$MethodInvocationAgent.invoke(TestInvoker.java:961)
	at org.testng.internal.invokers.TestInvoker.invokeTestMethods(TestInvoker.java:201)
	at org.testng.internal.invokers.TestMethodWorker.invokeTestMethods(TestMethodWorker.java:148)
	at org.testng.internal.invokers.TestMethodWorker.run(TestMethodWorker.java:128)
	at java.base/java.util.ArrayList.forEach(ArrayList.java:1511)
	at org.testng.TestRunner.privateRun(TestRunner.java:819)
	at org.testng.TestRunner.run(TestRunner.java:619)
	at org.testng.SuiteRunner.runTest(SuiteRunner.java:443)
	at org.testng.SuiteRunner$SuiteWorker.run(SuiteRunner.java:481)
	at org.testng.internal.thread.ThreadUtil.lambda$execute$0(ThreadUtil.java:58)
	at java.base/java.util.concurrent.FutureTask.run(FutureTask.java:264)
	at java.base/java.util.concurrent.ThreadPoolExecutor.runWorker(ThreadPoolExecutor.java:1136)
	at java.base/java.util.concurrent.ThreadPoolExecutor$Worker.run(ThreadPoolExecutor.java:635)
	at java.base/java.lang.Thread.run(Thread.java:840)
</pre></div></td>
<td>46</td>
<td>stepDefinations.DisplayDoctors@31ea9581</td></tr>
</table><p>
<table width='100%' border='1' class='invocation-passed'>
<tr><td colspan='4' align='center'><b>PASSED TESTS</b></td></tr>
<tr><td><b>Test method</b></td>
<td><b>Attribute(s)</b></td>
<td width="30%"><b>Exception</b></td>
<td width="10%"><b>Time (seconds)</b></td>
<td><b>Instance</b></td>
</tr>
<tr>
<td title='stepDefinations.DisplayDoctors.user_clicks_on_bangalore_option()'><b>user_clicks_on_bangalore_option</b><br>Test class: stepDefinations.DisplayDoctors</td>
<td></td>
<td>0</td>
<td>stepDefinations.DisplayDoctors@31ea9581</td></tr>
<tr>
<td title='stepDefinations.DisplayDoctors.user_enters_medical_specialist_cardiologist_in_seachbox()'><b>user_enters_medical_specialist_cardiologist_in_seachbox</b><br>Test class: stepDefinations.DisplayDoctors</td>
<td></td>
<td>0</td>
<td>stepDefinations.DisplayDoctors@31ea9581</td></tr>
<tr>
<td title='stepDefinations.FormValidation.user_present_on_practo_com_website_three()'><b>user_present_on_practo_com_website_three</b><br>Test class: stepDefinations.FormValidation</td>
<td></td>
<td>0</td>
<td>stepDefinations.FormValidation@7c137fd5</td></tr>
<tr>
<td title='stepDefinations.DisplayDoctors.user_present_on_practo_com_website_one()'><b>user_present_on_practo_com_website_one</b><br>Test class: stepDefinations.DisplayDoctors</td>
<td></td>
<td>3</td>
<td>stepDefinations.DisplayDoctors@31ea9581</td></tr>
<tr>
<td title='stepDefinations.DisplayDoctors.user_displays_the_first_five_doctors()'><b>user_displays_the_first_five_doctors</b><br>Test class: stepDefinations.DisplayDoctors</td>
<td></td>
<td>21</td>
<td>stepDefinations.DisplayDoctors@31ea9581</td></tr>
<tr>
<td title='stepDefinations.DisplayDoctors.user_clicks_on_cardiologist_option()'><b>user_clicks_on_cardiologist_option</b><br>Test class: stepDefinations.DisplayDoctors</td>
<td></td>
<td>5</td>
<td>stepDefinations.DisplayDoctors@31ea9581</td></tr>
<tr>
<td title='stepDefinations.DisplaySurgeries.user_present_on_practo_com_website()'><b>user_present_on_practo_com_website</b><br>Test class: stepDefinations.DisplaySurgeries</td>
<td></td>
<td>0</td>
<td>stepDefinations.DisplaySurgeries@231f98ef</td></tr>
<tr>
<td title='stepDefinations.DisplayDoctors.user_enters_city_bangalore_in_seachbox()'><b>user_enters_city_bangalore_in_seachbox</b><br>Test class: stepDefinations.DisplayDoctors</td>
<td></td>
<td>1</td>
<td>stepDefinations.DisplayDoctors@31ea9581</td></tr>
<tr>
<td title='stepDefinations.FormValidation.user_clicks_on_health_and_wellness_plan()'><b>user_clicks_on_health_and_wellness_plan</b><br>Test class: stepDefinations.FormValidation</td>
<td></td>
<td>9</td>
<td>stepDefinations.FormValidation@7c137fd5</td></tr>
<tr>
<td title='stepDefinations.FormValidation.validate_if_schedule_a_demo_button_is_disabled()'><b>validate_if_schedule_a_demo_button_is_disabled</b><br>Test class: stepDefinations.FormValidation</td>
<td></td>
<td>0</td>
<td>stepDefinations.FormValidation@7c137fd5</td></tr>
<tr>
<td title='stepDefinations.FormValidation.user_clicks_on_for_corporates()'><b>user_clicks_on_for_corporates</b><br>Test class: stepDefinations.FormValidation</td>
<td></td>
<td>0</td>
<td>stepDefinations.FormValidation@7c137fd5</td></tr>
<tr>
<td title='stepDefinations.DisplaySurgeries.user_displays_the_surgeries_list()'><b>user_displays_the_surgeries_list</b><br>Test class: stepDefinations.DisplaySurgeries</td>
<td></td>
<td>5</td>
<td>stepDefinations.DisplaySurgeries@231f98ef</td></tr>
<tr>
<td title='stepDefinations.FormValidation.user_enters_all_non_email_fields_in_the_form()'><b>user_enters_all_non_email_fields_in_the_form</b><br>Test class: stepDefinations.FormValidation</td>
<td></td>
<td>1</td>
<td>stepDefinations.FormValidation@7c137fd5</td></tr>
<tr>
<td title='stepDefinations.DisplaySurgeries.user_clicks_on_surgeries()'><b>user_clicks_on_surgeries</b><br>Test class: stepDefinations.DisplaySurgeries</td>
<td></td>
<td>4</td>
<td>stepDefinations.DisplaySurgeries@231f98ef</td></tr>
<tr>
<td title='stepDefinations.FormValidation.user_enters_valid_email()'><b>user_enters_valid_email</b><br>Test class: stepDefinations.FormValidation</td>
<td></td>
<td>0</td>
<td>stepDefinations.FormValidation@7c137fd5</td></tr>
<tr>
<td title='stepDefinations.FormValidation.validate_if_thank_you_message_is_displayed()'><b>validate_if_thank_you_message_is_displayed</b><br>Test class: stepDefinations.FormValidation</td>
<td></td>
<td>34</td>
<td>stepDefinations.FormValidation@7c137fd5</td></tr>
<tr>
<td title='stepDefinations.FormValidation.user_clicks_on_schedule_a_demo_button()'><b>user_clicks_on_schedule_a_demo_button</b><br>Test class: stepDefinations.FormValidation</td>
<td></td>
<td>0</td>
<td>stepDefinations.FormValidation@7c137fd5</td></tr>
<tr>
<td title='stepDefinations.FormValidation.user_enters_invalid_email()'><b>user_enters_invalid_email</b><br>Test class: stepDefinations.FormValidation</td>
<td></td>
<td>0</td>
<td>stepDefinations.FormValidation@7c137fd5</td></tr>
</table><p>
</body>
</html>